-- Install configuration: ""
-- Up-to-date: /home/bdigney/ros2_roboclaw/src/ag_sml_bringup/install/ag_sml_bringup/share/ag_sml_bringup//launch
-- Up-to-date: /home/bdigney/ros2_roboclaw/src/ag_sml_bringup/install/ag_sml_bringup/share/ag_sml_bringup//launch/teleop_rviz.launch.py
-- Up-to-date: /home/bdigney/ros2_roboclaw/src/ag_sml_bringup/install/ag_sml_bringup/share/ag_sml_bringup//launch/README.md
-- Up-to-date: /home/bdigney/ros2_roboclaw/src/ag_sml_bringup/install/ag_sml_bringup/share/ag_sml_bringup//launch/teleop_only.launch.py
-- Up-to-date: /home/bdigney/ros2_roboclaw/src/ag_sml_bringup/install/ag_sml_bringup/share/ag_sml_bringup//launch/minimal.launch.py
-- Up-to-date: /home/bdigney/ros2_roboclaw/src/ag_sml_bringup/install/ag_sml_bringup/share/ag_sml_bringup//params
-- Up-to-date: /home/bdigney/ros2_roboclaw/src/ag_sml_bringup/install/ag_sml_bringup/share/ag_sml_bringup//params/roboclaw_controllers.yaml
-- Up-to-date: /home/bdigney/ros2_roboclaw/src/ag_sml_bringup/install/ag_sml_bringup/share/ag_sml_bringup//urdf
-- Up-to-date: /home/bdigney/ros2_roboclaw/src/ag_sml_bringup/install/ag_sml_bringup/share/ag_sml_bringup//urdf/roboclaw.ros2_control.xacro
-- Up-to-date: /home/bdigney/ros2_roboclaw/src/ag_sml_bringup/install/ag_sml_bringup/share/ag_sml_bringup//urdf/roboclaw.urdf.xacro
-- Up-to-date: /home/bdigney/ros2_roboclaw/src/ag_sml_bringup/install/ag_sml_bringup/share/ag_sml_bringup//urdf/roboclaw.materials.xacro
-- Installing: /home/bdigney/ros2_roboclaw/src/ag_sml_bringup/install/ag_sml_bringup/share/ag_sml_bringup//urdf/roboclaw_description.urdf.xacro
-- Up-to-date: /home/bdigney/ros2_roboclaw/src/ag_sml_bringup/install/ag_sml_bringup/share/ament_index/resource_index/package_run_dependencies/ag_sml_bringup
-- Up-to-date: /home/bdigney/ros2_roboclaw/src/ag_sml_bringup/install/ag_sml_bringup/share/ament_index/resource_index/parent_prefix_path/ag_sml_bringup
-- Up-to-date: /home/bdigney/ros2_roboclaw/src/ag_sml_bringup/install/ag_sml_bringup/share/ag_sml_bringup/environment/ament_prefix_path.sh
-- Up-to-date: /home/bdigney/ros2_roboclaw/src/ag_sml_bringup/install/ag_sml_bringup/share/ag_sml_bringup/environment/ament_prefix_path.dsv
-- Up-to-date: /home/bdigney/ros2_roboclaw/src/ag_sml_bringup/install/ag_sml_bringup/share/ag_sml_bringup/environment/path.sh
-- Up-to-date: /home/bdigney/ros2_roboclaw/src/ag_sml_bringup/install/ag_sml_bringup/share/ag_sml_bringup/environment/path.dsv
-- Up-to-date: /home/bdigney/ros2_roboclaw/src/ag_sml_bringup/install/ag_sml_bringup/share/ag_sml_bringup/local_setup.bash
-- Up-to-date: /home/bdigney/ros2_roboclaw/src/ag_sml_bringup/install/ag_sml_bringup/share/ag_sml_bringup/local_setup.sh
-- Up-to-date: /home/bdigney/ros2_roboclaw/src/ag_sml_bringup/install/ag_sml_bringup/share/ag_sml_bringup/local_setup.zsh
-- Up-to-date: /home/bdigney/ros2_roboclaw/src/ag_sml_bringup/install/ag_sml_bringup/share/ag_sml_bringup/local_setup.dsv
-- Up-to-date: /home/bdigney/ros2_roboclaw/src/ag_sml_bringup/install/ag_sml_bringup/share/ag_sml_bringup/package.dsv
-- Up-to-date: /home/bdigney/ros2_roboclaw/src/ag_sml_bringup/install/ag_sml_bringup/share/ament_index/resource_index/packages/ag_sml_bringup
-- Up-to-date: /home/bdigney/ros2_roboclaw/src/ag_sml_bringup/install/ag_sml_bringup/share/ag_sml_bringup/cmake/ag_sml_bringupConfig.cmake
-- Up-to-date: /home/bdigney/ros2_roboclaw/src/ag_sml_bringup/install/ag_sml_bringup/share/ag_sml_bringup/cmake/ag_sml_bringupConfig-version.cmake
-- Up-to-date: /home/bdigney/ros2_roboclaw/src/ag_sml_bringup/install/ag_sml_bringup/share/ag_sml_bringup/package.xml
