[0.132s] Invoking command in '/home/bdigney/ros2_roboclaw/src/ag_sml_bringup/build/ag_sml_bringup': CMAKE_PREFIX_PATH=${CMAKE_PREFIX_PATH}:/opt/ros/humble /usr/bin/cmake --build /home/bdigney/ros2_roboclaw/src/ag_sml_bringup/build/ag_sml_bringup -- -j4 -l4
[0.176s] Invoked command in '/home/bdigney/ros2_roboclaw/src/ag_sml_bringup/build/ag_sml_bringup' returned '0': CMAKE_PREFIX_PATH=${CMAKE_PREFIX_PATH}:/opt/ros/humble /usr/bin/cmake --build /home/bdigney/ros2_roboclaw/src/ag_sml_bringup/build/ag_sml_bringup -- -j4 -l4
[0.208s] Invoking command in '/home/bdigney/ros2_roboclaw/src/ag_sml_bringup/build/ag_sml_bringup': CMAKE_PREFIX_PATH=${CMAKE_PREFIX_PATH}:/opt/ros/humble /usr/bin/cmake --install /home/bdigney/ros2_roboclaw/src/ag_sml_bringup/build/ag_sml_bringup
[0.216s] -- Install configuration: ""
[0.217s] -- Up-to-date: /home/bdigney/ros2_roboclaw/src/ag_sml_bringup/install/ag_sml_bringup/share/ag_sml_bringup//launch
[0.217s] -- Up-to-date: /home/bdigney/ros2_roboclaw/src/ag_sml_bringup/install/ag_sml_bringup/share/ag_sml_bringup//launch/teleop_rviz.launch.py
[0.217s] -- Up-to-date: /home/bdigney/ros2_roboclaw/src/ag_sml_bringup/install/ag_sml_bringup/share/ag_sml_bringup//launch/README.md
[0.217s] -- Up-to-date: /home/bdigney/ros2_roboclaw/src/ag_sml_bringup/install/ag_sml_bringup/share/ag_sml_bringup//launch/teleop_only.launch.py
[0.217s] -- Up-to-date: /home/bdigney/ros2_roboclaw/src/ag_sml_bringup/install/ag_sml_bringup/share/ag_sml_bringup//launch/minimal.launch.py
[0.218s] -- Up-to-date: /home/bdigney/ros2_roboclaw/src/ag_sml_bringup/install/ag_sml_bringup/share/ag_sml_bringup//params
[0.218s] -- Up-to-date: /home/bdigney/ros2_roboclaw/src/ag_sml_bringup/install/ag_sml_bringup/share/ag_sml_bringup//params/roboclaw_controllers.yaml
[0.218s] -- Up-to-date: /home/bdigney/ros2_roboclaw/src/ag_sml_bringup/install/ag_sml_bringup/share/ag_sml_bringup//urdf
[0.218s] -- Up-to-date: /home/bdigney/ros2_roboclaw/src/ag_sml_bringup/install/ag_sml_bringup/share/ag_sml_bringup//urdf/roboclaw.ros2_control.xacro
[0.218s] -- Up-to-date: /home/bdigney/ros2_roboclaw/src/ag_sml_bringup/install/ag_sml_bringup/share/ag_sml_bringup//urdf/roboclaw.urdf.xacro
[0.218s] -- Up-to-date: /home/bdigney/ros2_roboclaw/src/ag_sml_bringup/install/ag_sml_bringup/share/ag_sml_bringup//urdf/roboclaw.materials.xacro
[0.218s] -- Installing: /home/bdigney/ros2_roboclaw/src/ag_sml_bringup/install/ag_sml_bringup/share/ag_sml_bringup//urdf/roboclaw_description.urdf.xacro
[0.218s] -- Up-to-date: /home/bdigney/ros2_roboclaw/src/ag_sml_bringup/install/ag_sml_bringup/share/ament_index/resource_index/package_run_dependencies/ag_sml_bringup
[0.226s] -- Up-to-date: /home/bdigney/ros2_roboclaw/src/ag_sml_bringup/install/ag_sml_bringup/share/ament_index/resource_index/parent_prefix_path/ag_sml_bringup
[0.227s] -- Up-to-date: /home/bdigney/ros2_roboclaw/src/ag_sml_bringup/install/ag_sml_bringup/share/ag_sml_bringup/environment/ament_prefix_path.sh
[0.227s] -- Up-to-date: /home/bdigney/ros2_roboclaw/src/ag_sml_bringup/install/ag_sml_bringup/share/ag_sml_bringup/environment/ament_prefix_path.dsv
[0.227s] -- Up-to-date: /home/bdigney/ros2_roboclaw/src/ag_sml_bringup/install/ag_sml_bringup/share/ag_sml_bringup/environment/path.sh
[0.227s] -- Up-to-date: /home/bdigney/ros2_roboclaw/src/ag_sml_bringup/install/ag_sml_bringup/share/ag_sml_bringup/environment/path.dsv
[0.227s] -- Up-to-date: /home/bdigney/ros2_roboclaw/src/ag_sml_bringup/install/ag_sml_bringup/share/ag_sml_bringup/local_setup.bash
[0.227s] -- Up-to-date: /home/bdigney/ros2_roboclaw/src/ag_sml_bringup/install/ag_sml_bringup/share/ag_sml_bringup/local_setup.sh
[0.227s] -- Up-to-date: /home/bdigney/ros2_roboclaw/src/ag_sml_bringup/install/ag_sml_bringup/share/ag_sml_bringup/local_setup.zsh
[0.227s] -- Up-to-date: /home/bdigney/ros2_roboclaw/src/ag_sml_bringup/install/ag_sml_bringup/share/ag_sml_bringup/local_setup.dsv
[0.227s] -- Up-to-date: /home/bdigney/ros2_roboclaw/src/ag_sml_bringup/install/ag_sml_bringup/share/ag_sml_bringup/package.dsv
[0.227s] -- Up-to-date: /home/bdigney/ros2_roboclaw/src/ag_sml_bringup/install/ag_sml_bringup/share/ament_index/resource_index/packages/ag_sml_bringup
[0.228s] -- Up-to-date: /home/bdigney/ros2_roboclaw/src/ag_sml_bringup/install/ag_sml_bringup/share/ag_sml_bringup/cmake/ag_sml_bringupConfig.cmake
[0.228s] -- Up-to-date: /home/bdigney/ros2_roboclaw/src/ag_sml_bringup/install/ag_sml_bringup/share/ag_sml_bringup/cmake/ag_sml_bringupConfig-version.cmake
[0.229s] -- Up-to-date: /home/bdigney/ros2_roboclaw/src/ag_sml_bringup/install/ag_sml_bringup/share/ag_sml_bringup/package.xml
[0.229s] Invoked command in '/home/bdigney/ros2_roboclaw/src/ag_sml_bringup/build/ag_sml_bringup' returned '0': CMAKE_PREFIX_PATH=${CMAKE_PREFIX_PATH}:/opt/ros/humble /usr/bin/cmake --install /home/bdigney/ros2_roboclaw/src/ag_sml_bringup/build/ag_sml_bringup
