[1.568s] DEBUG:colcon:Command line arguments: ['/usr/bin/colcon', 'build', '--packages-select', 'ag_sml_bringup']
[1.568s] DEBUG:colcon:Parsed command line arguments: Namespace(log_base=None, log_level=None, verb_name='build', build_base='build', install_base='install', merge_install=False, symlink_install=False, test_result_base=None, continue_on_error=False, executor='parallel', parallel_workers=4, event_handlers=None, ignore_user_meta=False, metas=['./colcon.meta'], base_paths=['.'], packages_ignore=None, packages_ignore_regex=None, paths=None, packages_up_to=None, packages_up_to_regex=None, packages_above=None, packages_above_and_dependencies=None, packages_above_depth=None, packages_select_by_dep=None, packages_skip_by_dep=None, packages_skip_up_to=None, packages_select_build_failed=False, packages_skip_build_finished=False, packages_select_test_failures=False, packages_skip_test_passed=False, packages_select=['ag_sml_bringup'], packages_skip=None, packages_select_regex=None, packages_skip_regex=None, packages_start=None, packages_end=None, allow_overriding=[], cmake_args=None, cmake_target=None, cmake_target_skip_unavailable=False, cmake_clean_cache=False, cmake_clean_first=False, cmake_force_configure=False, ament_cmake_args=None, catkin_cmake_args=None, catkin_skip_building_tests=False, verb_parser=<colcon_defaults.argument_parser.defaults.DefaultArgumentsDecorator object at 0x7fd6314aa7a0>, verb_extension=<colcon_core.verb.build.BuildVerb object at 0x7fd63171e6e0>, main=<bound method BuildVerb.main of <colcon_core.verb.build.BuildVerb object at 0x7fd63171e6e0>>)
[1.636s] Level 1:colcon.colcon_core.package_discovery:discover_packages(colcon_meta) check parameters
[1.636s] Level 1:colcon.colcon_core.package_discovery:discover_packages(recursive) check parameters
[1.636s] Level 1:colcon.colcon_core.package_discovery:discover_packages(ignore) check parameters
[1.636s] Level 1:colcon.colcon_core.package_discovery:discover_packages(path) check parameters
[1.636s] Level 1:colcon.colcon_core.package_discovery:discover_packages(colcon_meta) discover
[1.636s] Level 1:colcon.colcon_core.package_discovery:discover_packages(recursive) discover
[1.636s] INFO:colcon.colcon_core.package_discovery:Crawling recursively for packages in '/home/bdigney/ros2_roboclaw/src/ag_sml_bringup'
[1.636s] Level 1:colcon.colcon_core.package_identification:_identify(.) by extensions ['ignore', 'ignore_ament_install']
[1.636s] Level 1:colcon.colcon_core.package_identification:_identify(.) by extension 'ignore'
[1.636s] Level 1:colcon.colcon_core.package_identification:_identify(.) by extension 'ignore_ament_install'
[1.636s] Level 1:colcon.colcon_core.package_identification:_identify(.) by extensions ['colcon_pkg']
[1.636s] Level 1:colcon.colcon_core.package_identification:_identify(.) by extension 'colcon_pkg'
[1.636s] Level 1:colcon.colcon_core.package_identification:_identify(.) by extensions ['colcon_meta']
[1.636s] Level 1:colcon.colcon_core.package_identification:_identify(.) by extension 'colcon_meta'
[1.636s] Level 1:colcon.colcon_core.package_identification:_identify(.) by extensions ['ros']
[1.636s] Level 1:colcon.colcon_core.package_identification:_identify(.) by extension 'ros'
[1.652s] DEBUG:colcon.colcon_core.package_identification:Package '.' with type 'ros.ament_cmake' and name 'ag_sml_bringup'
[1.652s] Level 1:colcon.colcon_core.package_discovery:discover_packages(recursive) using defaults
[1.652s] Level 1:colcon.colcon_core.package_discovery:discover_packages(ignore) discover
[1.652s] Level 1:colcon.colcon_core.package_discovery:discover_packages(ignore) using defaults
[1.652s] Level 1:colcon.colcon_core.package_discovery:discover_packages(path) discover
[1.652s] Level 1:colcon.colcon_core.package_discovery:discover_packages(path) using defaults
[1.805s] Level 1:colcon.colcon_core.package_discovery:discover_packages(prefix_path) check parameters
[1.806s] Level 1:colcon.colcon_core.package_discovery:discover_packages(prefix_path) discover
[1.858s] DEBUG:colcon.colcon_installed_package_information.package_discovery:Found 3 installed packages in /home/bdigney/ros2_ld14_myshar/install
[1.883s] DEBUG:colcon.colcon_installed_package_information.package_discovery:Found 388 installed packages in /opt/ros/humble
[1.885s] Level 1:colcon.colcon_core.package_discovery:discover_packages(prefix_path) using defaults
[2.027s] Level 5:colcon.colcon_core.verb:set package 'ag_sml_bringup' build argument 'cmake_args' from command line to 'None'
[2.027s] Level 5:colcon.colcon_core.verb:set package 'ag_sml_bringup' build argument 'cmake_target' from command line to 'None'
[2.027s] Level 5:colcon.colcon_core.verb:set package 'ag_sml_bringup' build argument 'cmake_target_skip_unavailable' from command line to 'False'
[2.027s] Level 5:colcon.colcon_core.verb:set package 'ag_sml_bringup' build argument 'cmake_clean_cache' from command line to 'False'
[2.027s] Level 5:colcon.colcon_core.verb:set package 'ag_sml_bringup' build argument 'cmake_clean_first' from command line to 'False'
[2.027s] Level 5:colcon.colcon_core.verb:set package 'ag_sml_bringup' build argument 'cmake_force_configure' from command line to 'False'
[2.027s] Level 5:colcon.colcon_core.verb:set package 'ag_sml_bringup' build argument 'ament_cmake_args' from command line to 'None'
[2.027s] Level 5:colcon.colcon_core.verb:set package 'ag_sml_bringup' build argument 'catkin_cmake_args' from command line to 'None'
[2.027s] Level 5:colcon.colcon_core.verb:set package 'ag_sml_bringup' build argument 'catkin_skip_building_tests' from command line to 'False'
[2.027s] DEBUG:colcon.colcon_core.verb:Building package 'ag_sml_bringup' with the following arguments: {'ament_cmake_args': None, 'build_base': '/home/bdigney/ros2_roboclaw/src/ag_sml_bringup/build/ag_sml_bringup', 'catkin_cmake_args': None, 'catkin_skip_building_tests': False, 'cmake_args': None, 'cmake_clean_cache': False, 'cmake_clean_first': False, 'cmake_force_configure': False, 'cmake_target': None, 'cmake_target_skip_unavailable': False, 'install_base': '/home/bdigney/ros2_roboclaw/src/ag_sml_bringup/install/ag_sml_bringup', 'merge_install': False, 'path': '/home/bdigney/ros2_roboclaw/src/ag_sml_bringup', 'symlink_install': False, 'test_result_base': None}
[2.051s] INFO:colcon.colcon_core.executor:Executing jobs using 'parallel' executor
[2.076s] DEBUG:colcon.colcon_parallel_executor.executor.parallel:run_until_complete
[2.076s] INFO:colcon.colcon_ros.task.ament_cmake.build:Building ROS package in '/home/bdigney/ros2_roboclaw/src/ag_sml_bringup' with build type 'ament_cmake'
[2.076s] INFO:colcon.colcon_cmake.task.cmake.build:Building CMake package in '/home/bdigney/ros2_roboclaw/src/ag_sml_bringup'
[2.104s] INFO:colcon.colcon_core.plugin_system:Skipping extension 'colcon_core.shell.bat': Not used on non-Windows systems
[2.104s] INFO:colcon.colcon_core.shell:Skip shell extension 'powershell' for command environment: Not usable outside of PowerShell
[2.105s] DEBUG:colcon.colcon_core.shell:Skip shell extension 'dsv' for command environment
[2.188s] DEBUG:colcon.colcon_core.event_handler.log_command:Invoking command in '/home/bdigney/ros2_roboclaw/src/ag_sml_bringup/build/ag_sml_bringup': CMAKE_PREFIX_PATH=${CMAKE_PREFIX_PATH}:/opt/ros/humble /usr/bin/cmake /home/bdigney/ros2_roboclaw/src/ag_sml_bringup -DCMAKE_INSTALL_PREFIX=/home/bdigney/ros2_roboclaw/src/ag_sml_bringup/install/ag_sml_bringup
[3.148s] DEBUG:colcon.colcon_core.event_handler.log_command:Invoked command in '/home/bdigney/ros2_roboclaw/src/ag_sml_bringup/build/ag_sml_bringup' returned '0': CMAKE_PREFIX_PATH=${CMAKE_PREFIX_PATH}:/opt/ros/humble /usr/bin/cmake /home/bdigney/ros2_roboclaw/src/ag_sml_bringup -DCMAKE_INSTALL_PREFIX=/home/bdigney/ros2_roboclaw/src/ag_sml_bringup/install/ag_sml_bringup
[3.148s] DEBUG:colcon.colcon_core.event_handler.log_command:Invoking command in '/home/bdigney/ros2_roboclaw/src/ag_sml_bringup/build/ag_sml_bringup': CMAKE_PREFIX_PATH=${CMAKE_PREFIX_PATH}:/opt/ros/humble /usr/bin/cmake --build /home/bdigney/ros2_roboclaw/src/ag_sml_bringup/build/ag_sml_bringup -- -j4 -l4
[3.187s] DEBUG:colcon.colcon_core.event_handler.log_command:Invoked command in '/home/bdigney/ros2_roboclaw/src/ag_sml_bringup/build/ag_sml_bringup' returned '0': CMAKE_PREFIX_PATH=${CMAKE_PREFIX_PATH}:/opt/ros/humble /usr/bin/cmake --build /home/bdigney/ros2_roboclaw/src/ag_sml_bringup/build/ag_sml_bringup -- -j4 -l4
[3.220s] DEBUG:colcon.colcon_core.event_handler.log_command:Invoking command in '/home/bdigney/ros2_roboclaw/src/ag_sml_bringup/build/ag_sml_bringup': CMAKE_PREFIX_PATH=${CMAKE_PREFIX_PATH}:/opt/ros/humble /usr/bin/cmake --install /home/bdigney/ros2_roboclaw/src/ag_sml_bringup/build/ag_sml_bringup
[3.236s] Level 1:colcon.colcon_core.environment:create_environment_scripts_only(ag_sml_bringup)
[3.236s] DEBUG:colcon.colcon_core.event_handler.log_command:Invoked command in '/home/bdigney/ros2_roboclaw/src/ag_sml_bringup/build/ag_sml_bringup' returned '0': CMAKE_PREFIX_PATH=${CMAKE_PREFIX_PATH}:/opt/ros/humble /usr/bin/cmake --install /home/bdigney/ros2_roboclaw/src/ag_sml_bringup/build/ag_sml_bringup
[3.264s] Level 1:colcon.colcon_core.environment:checking '/home/bdigney/ros2_roboclaw/src/ag_sml_bringup/install/ag_sml_bringup' for CMake module files
[3.265s] Level 1:colcon.colcon_core.environment:checking '/home/bdigney/ros2_roboclaw/src/ag_sml_bringup/install/ag_sml_bringup' for CMake config files
[3.265s] Level 1:colcon.colcon_core.shell:create_environment_hook('ag_sml_bringup', 'cmake_prefix_path')
[3.291s] INFO:colcon.colcon_core.shell:Creating environment hook '/home/bdigney/ros2_roboclaw/src/ag_sml_bringup/install/ag_sml_bringup/share/ag_sml_bringup/hook/cmake_prefix_path.ps1'
[3.292s] INFO:colcon.colcon_core.shell:Creating environment descriptor '/home/bdigney/ros2_roboclaw/src/ag_sml_bringup/install/ag_sml_bringup/share/ag_sml_bringup/hook/cmake_prefix_path.dsv'
[3.294s] INFO:colcon.colcon_core.shell:Creating environment hook '/home/bdigney/ros2_roboclaw/src/ag_sml_bringup/install/ag_sml_bringup/share/ag_sml_bringup/hook/cmake_prefix_path.sh'
[3.295s] Level 1:colcon.colcon_core.environment:checking '/home/bdigney/ros2_roboclaw/src/ag_sml_bringup/install/ag_sml_bringup/bin'
[3.295s] Level 1:colcon.colcon_core.environment:checking '/home/bdigney/ros2_roboclaw/src/ag_sml_bringup/install/ag_sml_bringup/lib/pkgconfig/ag_sml_bringup.pc'
[3.295s] Level 1:colcon.colcon_core.environment:checking '/home/bdigney/ros2_roboclaw/src/ag_sml_bringup/install/ag_sml_bringup/lib/python3.10/site-packages'
[3.296s] Level 1:colcon.colcon_core.environment:checking '/home/bdigney/ros2_roboclaw/src/ag_sml_bringup/install/ag_sml_bringup/bin'
[3.321s] INFO:colcon.colcon_core.shell:Creating package script '/home/bdigney/ros2_roboclaw/src/ag_sml_bringup/install/ag_sml_bringup/share/ag_sml_bringup/package.ps1'
[3.322s] INFO:colcon.colcon_core.shell:Creating package descriptor '/home/bdigney/ros2_roboclaw/src/ag_sml_bringup/install/ag_sml_bringup/share/ag_sml_bringup/package.dsv'
[3.332s] INFO:colcon.colcon_core.shell:Creating package script '/home/bdigney/ros2_roboclaw/src/ag_sml_bringup/install/ag_sml_bringup/share/ag_sml_bringup/package.sh'
[3.332s] INFO:colcon.colcon_core.shell:Creating package script '/home/bdigney/ros2_roboclaw/src/ag_sml_bringup/install/ag_sml_bringup/share/ag_sml_bringup/package.bash'
[3.334s] INFO:colcon.colcon_core.shell:Creating package script '/home/bdigney/ros2_roboclaw/src/ag_sml_bringup/install/ag_sml_bringup/share/ag_sml_bringup/package.zsh'
[3.335s] Level 1:colcon.colcon_core.environment:create_file_with_runtime_dependencies(/home/bdigney/ros2_roboclaw/src/ag_sml_bringup/install/ag_sml_bringup/share/colcon-core/packages/ag_sml_bringup)
[3.384s] Level 1:colcon.colcon_core.environment:create_environment_scripts_only(ag_sml_bringup)
[3.408s] Level 1:colcon.colcon_core.environment:checking '/home/bdigney/ros2_roboclaw/src/ag_sml_bringup/install/ag_sml_bringup' for CMake module files
[3.408s] Level 1:colcon.colcon_core.environment:checking '/home/bdigney/ros2_roboclaw/src/ag_sml_bringup/install/ag_sml_bringup' for CMake config files
[3.408s] Level 1:colcon.colcon_core.shell:create_environment_hook('ag_sml_bringup', 'cmake_prefix_path')
[3.432s] INFO:colcon.colcon_core.shell:Creating environment hook '/home/bdigney/ros2_roboclaw/src/ag_sml_bringup/install/ag_sml_bringup/share/ag_sml_bringup/hook/cmake_prefix_path.ps1'
[3.442s] INFO:colcon.colcon_core.shell:Creating environment descriptor '/home/bdigney/ros2_roboclaw/src/ag_sml_bringup/install/ag_sml_bringup/share/ag_sml_bringup/hook/cmake_prefix_path.dsv'
[3.450s] INFO:colcon.colcon_core.shell:Creating environment hook '/home/bdigney/ros2_roboclaw/src/ag_sml_bringup/install/ag_sml_bringup/share/ag_sml_bringup/hook/cmake_prefix_path.sh'
[3.460s] Level 1:colcon.colcon_core.environment:checking '/home/bdigney/ros2_roboclaw/src/ag_sml_bringup/install/ag_sml_bringup/bin'
[3.460s] Level 1:colcon.colcon_core.environment:checking '/home/bdigney/ros2_roboclaw/src/ag_sml_bringup/install/ag_sml_bringup/lib/pkgconfig/ag_sml_bringup.pc'
[3.460s] Level 1:colcon.colcon_core.environment:checking '/home/bdigney/ros2_roboclaw/src/ag_sml_bringup/install/ag_sml_bringup/lib/python3.10/site-packages'
[3.460s] Level 1:colcon.colcon_core.environment:checking '/home/bdigney/ros2_roboclaw/src/ag_sml_bringup/install/ag_sml_bringup/bin'
[3.486s] INFO:colcon.colcon_core.shell:Creating package script '/home/bdigney/ros2_roboclaw/src/ag_sml_bringup/install/ag_sml_bringup/share/ag_sml_bringup/package.ps1'
[3.496s] INFO:colcon.colcon_core.shell:Creating package descriptor '/home/bdigney/ros2_roboclaw/src/ag_sml_bringup/install/ag_sml_bringup/share/ag_sml_bringup/package.dsv'
[3.505s] INFO:colcon.colcon_core.shell:Creating package script '/home/bdigney/ros2_roboclaw/src/ag_sml_bringup/install/ag_sml_bringup/share/ag_sml_bringup/package.sh'
[3.514s] INFO:colcon.colcon_core.shell:Creating package script '/home/bdigney/ros2_roboclaw/src/ag_sml_bringup/install/ag_sml_bringup/share/ag_sml_bringup/package.bash'
[3.524s] INFO:colcon.colcon_core.shell:Creating package script '/home/bdigney/ros2_roboclaw/src/ag_sml_bringup/install/ag_sml_bringup/share/ag_sml_bringup/package.zsh'
[3.532s] Level 1:colcon.colcon_core.environment:create_file_with_runtime_dependencies(/home/bdigney/ros2_roboclaw/src/ag_sml_bringup/install/ag_sml_bringup/share/colcon-core/packages/ag_sml_bringup)
[3.542s] DEBUG:colcon.colcon_parallel_executor.executor.parallel:closing loop
[3.542s] DEBUG:colcon.colcon_parallel_executor.executor.parallel:loop closed
[3.542s] DEBUG:colcon.colcon_parallel_executor.executor.parallel:run_until_complete finished with '0'
[3.542s] DEBUG:colcon.colcon_core.event_reactor:joining thread
[3.574s] INFO:colcon.colcon_core.plugin_system:Skipping extension 'colcon_notification.desktop_notification.terminal_notifier': Not used on non-Darwin systems
[3.574s] INFO:colcon.colcon_core.plugin_system:Skipping extension 'colcon_notification.desktop_notification.win32': Not used on non-Windows systems
[3.574s] INFO:colcon.colcon_notification.desktop_notification:Sending desktop notification using 'notify2'
[3.587s] DEBUG:colcon.colcon_core.event_reactor:joined thread
[3.612s] INFO:colcon.colcon_core.shell:Creating prefix script '/home/bdigney/ros2_roboclaw/src/ag_sml_bringup/install/local_setup.ps1'
[3.613s] INFO:colcon.colcon_core.shell:Creating prefix util module '/home/bdigney/ros2_roboclaw/src/ag_sml_bringup/install/_local_setup_util_ps1.py'
[3.615s] INFO:colcon.colcon_core.shell:Creating prefix chain script '/home/bdigney/ros2_roboclaw/src/ag_sml_bringup/install/setup.ps1'
[3.641s] INFO:colcon.colcon_core.shell:Creating prefix script '/home/bdigney/ros2_roboclaw/src/ag_sml_bringup/install/local_setup.sh'
[3.642s] INFO:colcon.colcon_core.shell:Creating prefix util module '/home/bdigney/ros2_roboclaw/src/ag_sml_bringup/install/_local_setup_util_sh.py'
[3.643s] INFO:colcon.colcon_core.shell:Creating prefix chain script '/home/bdigney/ros2_roboclaw/src/ag_sml_bringup/install/setup.sh'
[3.668s] INFO:colcon.colcon_core.shell:Creating prefix script '/home/bdigney/ros2_roboclaw/src/ag_sml_bringup/install/local_setup.bash'
[3.668s] INFO:colcon.colcon_core.shell:Creating prefix chain script '/home/bdigney/ros2_roboclaw/src/ag_sml_bringup/install/setup.bash'
[3.695s] INFO:colcon.colcon_core.shell:Creating prefix script '/home/bdigney/ros2_roboclaw/src/ag_sml_bringup/install/local_setup.zsh'
[3.696s] INFO:colcon.colcon_core.shell:Creating prefix chain script '/home/bdigney/ros2_roboclaw/src/ag_sml_bringup/install/setup.zsh'
