[0.111s] Invoking command in '/home/bdigney/ros2_roboclaw/src/ag_sml_bringup/build/ag_sml_bringup': CMAKE_PREFIX_PATH=${CMAKE_PREFIX_PATH}:/opt/ros/humble /usr/bin/cmake /home/bdigney/ros2_roboclaw/src/ag_sml_bringup -DCMAKE_INSTALL_PREFIX=/home/bdigney/ros2_roboclaw/src/ag_sml_bringup/install/ag_sml_bringup
[0.222s] -- The C compiler identification is GNU 11.4.0
[0.307s] -- The CXX compiler identification is GNU 11.4.0
[0.321s] -- Detecting C compiler ABI info
[0.411s] -- Detecting C compiler ABI info - done
[0.420s] -- Check for working C compiler: /usr/bin/cc - skipped
[0.420s] -- Detecting C compile features
[0.421s] -- Detecting C compile features - done
[0.426s] -- Detecting CXX compiler ABI info
[0.506s] -- Detecting CXX compiler ABI info - done
[0.515s] -- Check for working CXX compiler: /usr/bin/c++ - skipped
[0.515s] -- Detecting CXX compile features
[0.516s] -- Detecting CXX compile features - done
[0.548s] -- Found ament_cmake: 1.3.7 (/opt/ros/humble/share/ament_cmake/cmake)
[0.753s] -- Found Python3: /usr/bin/python3.10 (found version "3.10.12") found components: Interpreter 
[0.887s] -- Found ament_lint_auto: 0.12.10 (/opt/ros/humble/share/ament_lint_auto/cmake)
[1.011s] -- Added test 'cppcheck' to perform static code analysis on C / C++ code
[1.011s] -- Configured cppcheck include dirs: 
[1.011s] -- Configured cppcheck exclude dirs and/or files: 
[1.014s] -- Added test 'flake8' to check Python code syntax and style conventions
[1.029s] -- Added test 'lint_cmake' to check CMake code style
[1.035s] -- Added test 'pep257' to check Python code against some of the docstring style conventions in PEP 257
[1.048s] -- Added test 'uncrustify' to check C / C++ code style
[1.048s] -- Configured uncrustify additional arguments: 
[1.052s] -- Added test 'xmllint' to check XML markup files
[1.055s] -- Configuring done
[1.060s] -- Generating done
[1.062s] -- Build files have been written to: /home/bdigney/ros2_roboclaw/src/ag_sml_bringup/build/ag_sml_bringup
[1.071s] Invoked command in '/home/bdigney/ros2_roboclaw/src/ag_sml_bringup/build/ag_sml_bringup' returned '0': CMAKE_PREFIX_PATH=${CMAKE_PREFIX_PATH}:/opt/ros/humble /usr/bin/cmake /home/bdigney/ros2_roboclaw/src/ag_sml_bringup -DCMAKE_INSTALL_PREFIX=/home/bdigney/ros2_roboclaw/src/ag_sml_bringup/install/ag_sml_bringup
[1.071s] Invoking command in '/home/bdigney/ros2_roboclaw/src/ag_sml_bringup/build/ag_sml_bringup': CMAKE_PREFIX_PATH=${CMAKE_PREFIX_PATH}:/opt/ros/humble /usr/bin/cmake --build /home/bdigney/ros2_roboclaw/src/ag_sml_bringup/build/ag_sml_bringup -- -j4 -l4
[1.110s] Invoked command in '/home/bdigney/ros2_roboclaw/src/ag_sml_bringup/build/ag_sml_bringup' returned '0': CMAKE_PREFIX_PATH=${CMAKE_PREFIX_PATH}:/opt/ros/humble /usr/bin/cmake --build /home/bdigney/ros2_roboclaw/src/ag_sml_bringup/build/ag_sml_bringup -- -j4 -l4
[1.143s] Invoking command in '/home/bdigney/ros2_roboclaw/src/ag_sml_bringup/build/ag_sml_bringup': CMAKE_PREFIX_PATH=${CMAKE_PREFIX_PATH}:/opt/ros/humble /usr/bin/cmake --install /home/bdigney/ros2_roboclaw/src/ag_sml_bringup/build/ag_sml_bringup
[1.151s] -- Install configuration: ""
[1.151s] -- Installing: /home/bdigney/ros2_roboclaw/src/ag_sml_bringup/install/ag_sml_bringup/share/ag_sml_bringup//launch
[1.151s] -- Installing: /home/bdigney/ros2_roboclaw/src/ag_sml_bringup/install/ag_sml_bringup/share/ag_sml_bringup//launch/teleop_rviz.launch.py
[1.151s] -- Installing: /home/bdigney/ros2_roboclaw/src/ag_sml_bringup/install/ag_sml_bringup/share/ag_sml_bringup//launch/README.md
[1.152s] -- Installing: /home/bdigney/ros2_roboclaw/src/ag_sml_bringup/install/ag_sml_bringup/share/ag_sml_bringup//launch/teleop_only.launch.py
[1.152s] -- Installing: /home/bdigney/ros2_roboclaw/src/ag_sml_bringup/install/ag_sml_bringup/share/ag_sml_bringup//launch/minimal.launch.py
[1.153s] -- Installing: /home/bdigney/ros2_roboclaw/src/ag_sml_bringup/install/ag_sml_bringup/share/ag_sml_bringup//params
[1.153s] -- Installing: /home/bdigney/ros2_roboclaw/src/ag_sml_bringup/install/ag_sml_bringup/share/ag_sml_bringup//params/roboclaw_controllers.yaml
[1.153s] -- Installing: /home/bdigney/ros2_roboclaw/src/ag_sml_bringup/install/ag_sml_bringup/share/ag_sml_bringup//urdf
[1.153s] -- Installing: /home/bdigney/ros2_roboclaw/src/ag_sml_bringup/install/ag_sml_bringup/share/ag_sml_bringup//urdf/roboclaw.ros2_control.xacro
[1.153s] -- Installing: /home/bdigney/ros2_roboclaw/src/ag_sml_bringup/install/ag_sml_bringup/share/ag_sml_bringup//urdf/roboclaw.urdf.xacro
[1.154s] -- Installing: /home/bdigney/ros2_roboclaw/src/ag_sml_bringup/install/ag_sml_bringup/share/ag_sml_bringup//urdf/roboclaw.materials.xacro
[1.154s] -- Installing: /home/bdigney/ros2_roboclaw/src/ag_sml_bringup/install/ag_sml_bringup/share/ag_sml_bringup//urdf/roboclaw_description.urdf.xacro
[1.155s] -- Installing: /home/bdigney/ros2_roboclaw/src/ag_sml_bringup/install/ag_sml_bringup/share/ament_index/resource_index/package_run_dependencies/ag_sml_bringup
[1.155s] -- Installing: /home/bdigney/ros2_roboclaw/src/ag_sml_bringup/install/ag_sml_bringup/share/ament_index/resource_index/parent_prefix_path/ag_sml_bringup
[1.156s] -- Installing: /home/bdigney/ros2_roboclaw/src/ag_sml_bringup/install/ag_sml_bringup/share/ag_sml_bringup/environment/ament_prefix_path.sh
[1.156s] -- Installing: /home/bdigney/ros2_roboclaw/src/ag_sml_bringup/install/ag_sml_bringup/share/ag_sml_bringup/environment/ament_prefix_path.dsv
[1.156s] -- Installing: /home/bdigney/ros2_roboclaw/src/ag_sml_bringup/install/ag_sml_bringup/share/ag_sml_bringup/environment/path.sh
[1.156s] -- Installing: /home/bdigney/ros2_roboclaw/src/ag_sml_bringup/install/ag_sml_bringup/share/ag_sml_bringup/environment/path.dsv
[1.157s] -- Installing: /home/bdigney/ros2_roboclaw/src/ag_sml_bringup/install/ag_sml_bringup/share/ag_sml_bringup/local_setup.bash
[1.158s] -- Installing: /home/bdigney/ros2_roboclaw/src/ag_sml_bringup/install/ag_sml_bringup/share/ag_sml_bringup/local_setup.sh
[1.158s] -- Installing: /home/bdigney/ros2_roboclaw/src/ag_sml_bringup/install/ag_sml_bringup/share/ag_sml_bringup/local_setup.zsh
[1.158s] -- Installing: /home/bdigney/ros2_roboclaw/src/ag_sml_bringup/install/ag_sml_bringup/share/ag_sml_bringup/local_setup.dsv
[1.158s] -- Installing: /home/bdigney/ros2_roboclaw/src/ag_sml_bringup/install/ag_sml_bringup/share/ag_sml_bringup/package.dsv
[1.158s] -- Installing: /home/bdigney/ros2_roboclaw/src/ag_sml_bringup/install/ag_sml_bringup/share/ament_index/resource_index/packages/ag_sml_bringup
[1.158s] -- Installing: /home/bdigney/ros2_roboclaw/src/ag_sml_bringup/install/ag_sml_bringup/share/ag_sml_bringup/cmake/ag_sml_bringupConfig.cmake
[1.158s] -- Installing: /home/bdigney/ros2_roboclaw/src/ag_sml_bringup/install/ag_sml_bringup/share/ag_sml_bringup/cmake/ag_sml_bringupConfig-version.cmake
[1.159s] -- Installing: /home/bdigney/ros2_roboclaw/src/ag_sml_bringup/install/ag_sml_bringup/share/ag_sml_bringup/package.xml
[1.160s] Invoked command in '/home/bdigney/ros2_roboclaw/src/ag_sml_bringup/build/ag_sml_bringup' returned '0': CMAKE_PREFIX_PATH=${CMAKE_PREFIX_PATH}:/opt/ros/humble /usr/bin/cmake --install /home/bdigney/ros2_roboclaw/src/ag_sml_bringup/build/ag_sml_bringup
